Build started 12/5/2016 8:07:56 PM.
     1>Project "E:\CPT-182-80 C++\Chapter 5\Chapter-10b_Homework\Chapter-10b_Homework\Chapter-10b_Homework.vcxproj" on node 2 (Build target(s)).
     1>ClCompile:
         C:\Program Files (x86)\Microsoft Visual Studio 11.0\VC\bin\CL.exe /c /ZI /nologo /W3 /WX- /sdl /Od /Oy- /D WIN32 /D _DEBUG /D _CONSOLE /D _UNICODE /D UNICODE /Gm /EHsc /RTC1 /MDd /GS /fp:precise /Zc:wchar_t /Zc:forScope /Yc"stdafx.h" /Fp"Debug\Chapter-10b_Homework.pch" /Fo"Debug\\" /Fd"Debug\vc110.pdb" /Gd /TP /analyze- /errorReport:prompt stdafx.cpp
         stdafx.cpp
         C:\Program Files (x86)\Microsoft Visual Studio 11.0\VC\bin\CL.exe /c /ZI /nologo /W3 /WX- /sdl /Od /Oy- /D WIN32 /D _DEBUG /D _CONSOLE /D _UNICODE /D UNICODE /Gm /EHsc /RTC1 /MDd /GS /fp:precise /Zc:wchar_t /Zc:forScope /Yu"stdafx.h" /Fp"Debug\Chapter-10b_Homework.pch" /Fo"Debug\\" /Fd"Debug\vc110.pdb" /Gd /TP /analyze- /errorReport:prompt Ch10_Ex2_MainProgram.cpp "Chapter-10b_Homework.cpp"
         Chapter-10b_Homework.cpp
         Ch10_Ex2_MainProgram.cpp
         Generating Code...
       ResourceCompile:
         C:\Program Files (x86)\Windows Kits\8.0\bin\x86\rc.exe /D _UNICODE /D UNICODE /l"0x0409" /nologo /fo"Debug\Chapter-10b_Homework.res" Chapter-10b_Homework.rc 
       Link:
         C:\Program Files (x86)\Microsoft Visual Studio 11.0\VC\bin\link.exe /ERRORREPORT:PROMPT /OUT:"E:\CPT-182-80 C++\Chapter 5\Chapter-10b_Homework\Debug\Chapter-10b_Homework.exe" /INCREMENTAL /NOLOGO kernel32.lib user32.lib gdi32.lib winspool.lib comdlg32.lib advapi32.lib shell32.lib ole32.lib oleaut32.lib uuid.lib odbc32.lib odbccp32.lib /MANIFEST /MANIFESTUAC:"level='asInvoker' uiAccess='false'" /manifest:embed /DEBUG /PDB:"E:\CPT-182-80 C++\Chapter 5\Chapter-10b_Homework\Debug\Chapter-10b_Homework.pdb" /SUBSYSTEM:CONSOLE /TLBID:1 /DYNAMICBASE /NXCOMPAT /IMPLIB:"E:\CPT-182-80 C++\Chapter 5\Chapter-10b_Homework\Debug\Chapter-10b_Homework.lib" /MACHINE:X86 "Debug\Chapter-10b_Homework.res"
         Debug\Ch10_Ex2_MainProgram.obj
         "Debug\Chapter-10b_Homework.obj"
         Debug\stdafx.obj
         Chapter-10b_Homework.vcxproj -> E:\CPT-182-80 C++\Chapter 5\Chapter-10b_Homework\Debug\Chapter-10b_Homework.exe
     1>Done Building Project "E:\CPT-182-80 C++\Chapter 5\Chapter-10b_Homework\Chapter-10b_Homework\Chapter-10b_Homework.vcxproj" (Build target(s)).

Build succeeded.

Time Elapsed 00:00:14.72
