E:\CPT-182-80 C++\CHAPTER 6\CHAP-6_HOMEWORK\CHAP-6_HOMEWORK\DEBUG\CHAP-6_HOMEWORK.PCH
E:\CPT-182-80 C++\CHAPTER 6\CHAP-6_HOMEWORK\CHAP-6_HOMEWORK\DEBUG\STDAFX.OBJ
E:\CPT-182-80 C++\CHAPTER 6\CHAP-6_HOMEWORK\CHAP-6_HOMEWORK\DEBUG\VC110.PDB
E:\CPT-182-80 C++\CHAPTER 6\CHAP-6_HOMEWORK\CHAP-6_HOMEWORK\DEBUG\CHAP-6_HOMEWORK.OBJ
E:\CPT-182-80 C++\CHAPTER 6\CHAP-6_HOMEWORK\DEBUG\CHAP-6_HOMEWORK.ILK
E:\CPT-182-80 C++\CHAPTER 6\CHAP-6_HOMEWORK\DEBUG\CHAP-6_HOMEWORK.EXE
E:\CPT-182-80 C++\CHAPTER 6\CHAP-6_HOMEWORK\DEBUG\CHAP-6_HOMEWORK.PDB
D:\CPT-182-80 C++\Chapter 6\Chap-6_Homework\Chap-6_Homework\Debug\Chap-6_Homework.obj
D:\CPT-182-80 C++\Chapter 6\Chap-6_Homework\Chap-6_Homework\Debug\stdafx.obj
D:\CPT-182-80 C++\Chapter 6\Chap-6_Homework\Chap-6_Homework\Debug\cl.command.1.tlog
D:\CPT-182-80 C++\Chapter 6\Chap-6_Homework\Chap-6_Homework\Debug\CL.read.1.tlog
D:\CPT-182-80 C++\Chapter 6\Chap-6_Homework\Chap-6_Homework\Debug\CL.write.1.tlog
D:\CPT-182-80 C++\Chapter 6\Chap-6_Homework\Chap-6_Homework\Debug\link-cvtres.read.1.tlog
D:\CPT-182-80 C++\Chapter 6\Chap-6_Homework\Chap-6_Homework\Debug\link-cvtres.write.1.tlog
D:\CPT-182-80 C++\Chapter 6\Chap-6_Homework\Chap-6_Homework\Debug\link-rc.read.1.tlog
D:\CPT-182-80 C++\Chapter 6\Chap-6_Homework\Chap-6_Homework\Debug\link-rc.write.1.tlog
D:\CPT-182-80 C++\Chapter 6\Chap-6_Homework\Chap-6_Homework\Debug\link.2964-cvtres.read.1.tlog
D:\CPT-182-80 C++\Chapter 6\Chap-6_Homework\Chap-6_Homework\Debug\link.2964-cvtres.write.1.tlog
D:\CPT-182-80 C++\Chapter 6\Chap-6_Homework\Chap-6_Homework\Debug\link.2964-rc.read.1.tlog
D:\CPT-182-80 C++\Chapter 6\Chap-6_Homework\Chap-6_Homework\Debug\link.2964-rc.write.1.tlog
D:\CPT-182-80 C++\Chapter 6\Chap-6_Homework\Chap-6_Homework\Debug\link.2964.read.1.tlog
D:\CPT-182-80 C++\Chapter 6\Chap-6_Homework\Chap-6_Homework\Debug\link.2964.write.1.tlog
D:\CPT-182-80 C++\Chapter 6\Chap-6_Homework\Chap-6_Homework\Debug\link.command.1.tlog
D:\CPT-182-80 C++\Chapter 6\Chap-6_Homework\Chap-6_Homework\Debug\link.read.1.tlog
D:\CPT-182-80 C++\Chapter 6\Chap-6_Homework\Chap-6_Homework\Debug\link.write.1.tlog
D:\CPT-182-80 C++\Chapter 6\Chap-6_Homework\Chap-6_Homework\Debug\Chap-6_Homework.pch
D:\CPT-182-80 C++\Chapter 6\Chap-6_Homework\Chap-6_Homework\Debug\vc110.idb
D:\CPT-182-80 C++\Chapter 6\Chap-6_Homework\Chap-6_Homework\Debug\vc110.pdb
D:\CPT-182-80 C++\Chapter 6\Chap-6_Homework\Debug\Chap-6_Homework.pdb
D:\CPT-182-80 C++\Chapter 6\Chap-6_Homework\Debug\Chap-6_Homework.exe
D:\CPT-182-80 C++\Chapter 6\Chap-6_Homework\Debug\Chap-6_Homework.ilk
